[2024-03-21T00:59:52.852+0000] {manager.py:487} INFO - Processing files using up to 2 processes at a time 
[2024-03-21T00:59:52.852+0000] {manager.py:488} INFO - Process each file at most once every 10 seconds
[2024-03-21T00:59:52.852+0000] {manager.py:489} INFO - Checking for new files in /opt/airflow/dags every 300 seconds
[2024-03-21T00:59:52.853+0000] {manager.py:755} INFO - Searching for files in /opt/airflow/dags
[2024-03-21T00:59:52.857+0000] {manager.py:758} INFO - There are 1 files in /opt/airflow/dags
[2024-03-21T00:59:52.911+0000] {manager.py:887} INFO - 
================================================================================
DAG File Processing Stats

File Path                           PID  Runtime      # DAGs    # Errors  Last Runtime    Last Run
--------------------------------  -----  ---------  --------  ----------  --------------  ----------
/opt/airflow/dags/dag_climate.py    178  0.02s             0           0
================================================================================
[2024-03-21T01:00:23.297+0000] {manager.py:887} INFO - 
================================================================================
DAG File Processing Stats

File Path                         PID    Runtime      # DAGs    # Errors  Last Runtime    Last Run
--------------------------------  -----  ---------  --------  ----------  --------------  -------------------
/opt/airflow/dags/dag_climate.py                           1           0  0.32s           2024-03-21T01:00:15
================================================================================
[2024-03-21T01:00:53.524+0000] {manager.py:887} INFO - 
================================================================================
DAG File Processing Stats

File Path                         PID    Runtime      # DAGs    # Errors  Last Runtime    Last Run
--------------------------------  -----  ---------  --------  ----------  --------------  -------------------
/opt/airflow/dags/dag_climate.py                           1           0  0.36s           2024-03-21T01:00:46
================================================================================
[2024-03-21T01:01:23.750+0000] {manager.py:887} INFO - 
================================================================================
DAG File Processing Stats

File Path                         PID    Runtime      # DAGs    # Errors  Last Runtime    Last Run
--------------------------------  -----  ---------  --------  ----------  --------------  -------------------
/opt/airflow/dags/dag_climate.py                           1           0  0.33s           2024-03-21T01:01:18
================================================================================
[2024-03-21T01:01:53.874+0000] {manager.py:887} INFO - 
================================================================================
DAG File Processing Stats

File Path                         PID    Runtime      # DAGs    # Errors  Last Runtime    Last Run
--------------------------------  -----  ---------  --------  ----------  --------------  -------------------
/opt/airflow/dags/dag_climate.py                           1           0  0.33s           2024-03-21T01:01:49
================================================================================
[2024-03-21T01:02:23.967+0000] {manager.py:887} INFO - 
================================================================================
DAG File Processing Stats

File Path                         PID    Runtime      # DAGs    # Errors  Last Runtime    Last Run
--------------------------------  -----  ---------  --------  ----------  --------------  -------------------
/opt/airflow/dags/dag_climate.py                           1           0  0.30s           2024-03-21T01:02:20
================================================================================
[2024-03-21T01:02:54.177+0000] {manager.py:887} INFO - 
================================================================================
DAG File Processing Stats

File Path                         PID    Runtime      # DAGs    # Errors  Last Runtime    Last Run
--------------------------------  -----  ---------  --------  ----------  --------------  -------------------
/opt/airflow/dags/dag_climate.py                           1           0  0.29s           2024-03-21T01:02:52
================================================================================
[2024-03-21T01:03:24.452+0000] {manager.py:887} INFO - 
================================================================================
DAG File Processing Stats

File Path                         PID    Runtime      # DAGs    # Errors  Last Runtime    Last Run
--------------------------------  -----  ---------  --------  ----------  --------------  -------------------
/opt/airflow/dags/dag_climate.py                           1           0  0.35s           2024-03-21T01:03:23
================================================================================
[2024-03-21T01:03:54.693+0000] {manager.py:887} INFO - 
================================================================================
DAG File Processing Stats

File Path                         PID    Runtime      # DAGs    # Errors  Last Runtime    Last Run
--------------------------------  -----  ---------  --------  ----------  --------------  -------------------
/opt/airflow/dags/dag_climate.py                           1           0  0.33s           2024-03-21T01:03:54
================================================================================
[2024-03-21T01:04:25.315+0000] {manager.py:887} INFO - 
================================================================================
DAG File Processing Stats

File Path                         PID    Runtime      # DAGs    # Errors  Last Runtime    Last Run
--------------------------------  -----  ---------  --------  ----------  --------------  -------------------
/opt/airflow/dags/dag_climate.py                           1           0  0.32s           2024-03-21T01:04:15
================================================================================
[2024-03-21T01:04:52.863+0000] {manager.py:755} INFO - Searching for files in /opt/airflow/dags
[2024-03-21T01:04:52.873+0000] {manager.py:758} INFO - There are 1 files in /opt/airflow/dags
[2024-03-21T01:04:55.577+0000] {manager.py:887} INFO - 
================================================================================
DAG File Processing Stats

File Path                         PID    Runtime      # DAGs    # Errors  Last Runtime    Last Run
--------------------------------  -----  ---------  --------  ----------  --------------  -------------------
/opt/airflow/dags/dag_climate.py                           1           0  0.31s           2024-03-21T01:04:46
================================================================================
[2024-03-21T01:05:25.878+0000] {manager.py:887} INFO - 
================================================================================
DAG File Processing Stats

File Path                         PID    Runtime      # DAGs    # Errors  Last Runtime    Last Run
--------------------------------  -----  ---------  --------  ----------  --------------  -------------------
/opt/airflow/dags/dag_climate.py                           1           0  0.32s           2024-03-21T01:05:18
================================================================================
[2024-03-21T01:05:56.150+0000] {manager.py:887} INFO - 
================================================================================
DAG File Processing Stats

File Path                         PID    Runtime      # DAGs    # Errors  Last Runtime    Last Run
--------------------------------  -----  ---------  --------  ----------  --------------  -------------------
/opt/airflow/dags/dag_climate.py                           1           0  0.33s           2024-03-21T01:05:49
================================================================================
[2024-03-21T01:06:26.518+0000] {manager.py:887} INFO - 
================================================================================
DAG File Processing Stats

File Path                         PID    Runtime      # DAGs    # Errors  Last Runtime    Last Run
--------------------------------  -----  ---------  --------  ----------  --------------  -------------------
/opt/airflow/dags/dag_climate.py                           1           0  0.34s           2024-03-21T01:06:20
================================================================================
[2024-03-21T01:06:56.782+0000] {manager.py:887} INFO - 
================================================================================
DAG File Processing Stats

File Path                         PID    Runtime      # DAGs    # Errors  Last Runtime    Last Run
--------------------------------  -----  ---------  --------  ----------  --------------  -------------------
/opt/airflow/dags/dag_climate.py                           1           0  0.32s           2024-03-21T01:06:52
================================================================================
[2024-03-21T01:07:27.152+0000] {manager.py:887} INFO - 
================================================================================
DAG File Processing Stats

File Path                         PID    Runtime      # DAGs    # Errors  Last Runtime    Last Run
--------------------------------  -----  ---------  --------  ----------  --------------  -------------------
/opt/airflow/dags/dag_climate.py                           1           0  0.32s           2024-03-21T01:07:23
================================================================================
[2024-03-21T01:07:57.490+0000] {manager.py:887} INFO - 
================================================================================
DAG File Processing Stats

File Path                         PID    Runtime      # DAGs    # Errors  Last Runtime    Last Run
--------------------------------  -----  ---------  --------  ----------  --------------  -------------------
/opt/airflow/dags/dag_climate.py                           1           0  0.31s           2024-03-21T01:07:54
================================================================================
[2024-03-21T01:08:27.789+0000] {manager.py:887} INFO - 
================================================================================
DAG File Processing Stats

File Path                         PID    Runtime      # DAGs    # Errors  Last Runtime    Last Run
--------------------------------  -----  ---------  --------  ----------  --------------  -------------------
/opt/airflow/dags/dag_climate.py                           1           0  0.33s           2024-03-21T01:08:26
================================================================================
[2024-03-21T01:08:58.126+0000] {manager.py:887} INFO - 
================================================================================
DAG File Processing Stats

File Path                         PID    Runtime      # DAGs    # Errors  Last Runtime    Last Run
--------------------------------  -----  ---------  --------  ----------  --------------  -------------------
/opt/airflow/dags/dag_climate.py                           1           0  0.34s           2024-03-21T01:08:57
================================================================================
[2024-03-21T01:09:28.191+0000] {manager.py:887} INFO - 
================================================================================
DAG File Processing Stats

File Path                         PID    Runtime      # DAGs    # Errors  Last Runtime    Last Run
--------------------------------  -----  ---------  --------  ----------  --------------  -------------------
/opt/airflow/dags/dag_climate.py                           1           0  0.34s           2024-03-21T01:09:18
================================================================================
[2024-03-21T01:09:53.403+0000] {manager.py:755} INFO - Searching for files in /opt/airflow/dags
[2024-03-21T01:09:53.414+0000] {manager.py:758} INFO - There are 1 files in /opt/airflow/dags
[2024-03-21T01:09:58.514+0000] {manager.py:887} INFO - 
================================================================================
DAG File Processing Stats

File Path                         PID    Runtime      # DAGs    # Errors  Last Runtime    Last Run
--------------------------------  -----  ---------  --------  ----------  --------------  -------------------
/opt/airflow/dags/dag_climate.py                           1           0  0.33s           2024-03-21T01:09:49
================================================================================
[2024-03-21T01:10:28.824+0000] {manager.py:887} INFO - 
================================================================================
DAG File Processing Stats

File Path                         PID    Runtime      # DAGs    # Errors  Last Runtime    Last Run
--------------------------------  -----  ---------  --------  ----------  --------------  -------------------
/opt/airflow/dags/dag_climate.py                           1           0  0.34s           2024-03-21T01:10:21
================================================================================
[2024-03-21T01:10:59.153+0000] {manager.py:887} INFO - 
================================================================================
DAG File Processing Stats

File Path                         PID    Runtime      # DAGs    # Errors  Last Runtime    Last Run
--------------------------------  -----  ---------  --------  ----------  --------------  -------------------
/opt/airflow/dags/dag_climate.py                           1           0  0.33s           2024-03-21T01:10:52
================================================================================
[2024-03-21T01:11:29.503+0000] {manager.py:887} INFO - 
================================================================================
DAG File Processing Stats

File Path                         PID    Runtime      # DAGs    # Errors  Last Runtime    Last Run
--------------------------------  -----  ---------  --------  ----------  --------------  -------------------
/opt/airflow/dags/dag_climate.py                           1           0  0.31s           2024-03-21T01:11:23
================================================================================
[2024-03-21T01:11:59.830+0000] {manager.py:887} INFO - 
================================================================================
DAG File Processing Stats

File Path                         PID    Runtime      # DAGs    # Errors  Last Runtime    Last Run
--------------------------------  -----  ---------  --------  ----------  --------------  -------------------
/opt/airflow/dags/dag_climate.py                           1           0  0.32s           2024-03-21T01:11:55
================================================================================
[2024-03-21T01:12:30.180+0000] {manager.py:887} INFO - 
================================================================================
DAG File Processing Stats

File Path                         PID    Runtime      # DAGs    # Errors  Last Runtime    Last Run
--------------------------------  -----  ---------  --------  ----------  --------------  -------------------
/opt/airflow/dags/dag_climate.py                           1           0  0.32s           2024-03-21T01:12:26
================================================================================
[2024-03-21T01:13:00.489+0000] {manager.py:887} INFO - 
================================================================================
DAG File Processing Stats

File Path                         PID    Runtime      # DAGs    # Errors  Last Runtime    Last Run
--------------------------------  -----  ---------  --------  ----------  --------------  -------------------
/opt/airflow/dags/dag_climate.py                           1           0  0.33s           2024-03-21T01:12:57
================================================================================
[2024-03-21T01:13:30.844+0000] {manager.py:887} INFO - 
================================================================================
DAG File Processing Stats

File Path                         PID    Runtime      # DAGs    # Errors  Last Runtime    Last Run
--------------------------------  -----  ---------  --------  ----------  --------------  -------------------
/opt/airflow/dags/dag_climate.py                           1           0  0.34s           2024-03-21T01:13:29
================================================================================
[2024-03-21T01:14:01.185+0000] {manager.py:887} INFO - 
================================================================================
DAG File Processing Stats

File Path                         PID    Runtime      # DAGs    # Errors  Last Runtime    Last Run
--------------------------------  -----  ---------  --------  ----------  --------------  -------------------
/opt/airflow/dags/dag_climate.py                           1           0  0.33s           2024-03-21T01:14:00
================================================================================
[2024-03-21T01:14:31.543+0000] {manager.py:887} INFO - 
================================================================================
DAG File Processing Stats

File Path                           PID  Runtime      # DAGs    # Errors  Last Runtime    Last Run
--------------------------------  -----  ---------  --------  ----------  --------------  -------------------
/opt/airflow/dags/dag_climate.py    922  0.01s             1           0  0.32s           2024-03-21T01:14:21
================================================================================
[2024-03-21T01:14:53.480+0000] {manager.py:755} INFO - Searching for files in /opt/airflow/dags
[2024-03-21T01:14:53.492+0000] {manager.py:758} INFO - There are 1 files in /opt/airflow/dags
[2024-03-21T01:15:01.574+0000] {manager.py:887} INFO - 
================================================================================
DAG File Processing Stats

File Path                         PID    Runtime      # DAGs    # Errors  Last Runtime    Last Run
--------------------------------  -----  ---------  --------  ----------  --------------  -------------------
/opt/airflow/dags/dag_climate.py                           1           0  0.32s           2024-03-21T01:14:52
================================================================================
[2024-03-21T01:15:31.934+0000] {manager.py:887} INFO - 
================================================================================
DAG File Processing Stats

File Path                         PID    Runtime      # DAGs    # Errors  Last Runtime    Last Run
--------------------------------  -----  ---------  --------  ----------  --------------  -------------------
/opt/airflow/dags/dag_climate.py                           1           0  0.32s           2024-03-21T01:15:24
================================================================================
[2024-03-21T01:16:02.217+0000] {manager.py:887} INFO - 
================================================================================
DAG File Processing Stats

File Path                         PID    Runtime      # DAGs    # Errors  Last Runtime    Last Run
--------------------------------  -----  ---------  --------  ----------  --------------  -------------------
/opt/airflow/dags/dag_climate.py                           1           0  0.33s           2024-03-21T01:15:55
================================================================================
[2024-03-21T01:16:32.524+0000] {manager.py:887} INFO - 
================================================================================
DAG File Processing Stats

File Path                         PID    Runtime      # DAGs    # Errors  Last Runtime    Last Run
--------------------------------  -----  ---------  --------  ----------  --------------  -------------------
/opt/airflow/dags/dag_climate.py                           1           0  0.32s           2024-03-21T01:16:26
================================================================================
[2024-03-21T01:17:02.847+0000] {manager.py:887} INFO - 
================================================================================
DAG File Processing Stats

File Path                         PID    Runtime      # DAGs    # Errors  Last Runtime    Last Run
--------------------------------  -----  ---------  --------  ----------  --------------  -------------------
/opt/airflow/dags/dag_climate.py                           1           0  0.33s           2024-03-21T01:16:58
================================================================================
[2024-03-21T01:17:33.116+0000] {manager.py:887} INFO - 
================================================================================
DAG File Processing Stats

File Path                         PID    Runtime      # DAGs    # Errors  Last Runtime    Last Run
--------------------------------  -----  ---------  --------  ----------  --------------  -------------------
/opt/airflow/dags/dag_climate.py                           1           0  0.32s           2024-03-21T01:17:29
================================================================================
[2024-03-21T01:18:03.432+0000] {manager.py:887} INFO - 
================================================================================
DAG File Processing Stats

File Path                         PID    Runtime      # DAGs    # Errors  Last Runtime    Last Run
--------------------------------  -----  ---------  --------  ----------  --------------  -------------------
/opt/airflow/dags/dag_climate.py                           1           0  0.32s           2024-03-21T01:18:00
================================================================================
[2024-03-21T01:18:33.684+0000] {manager.py:887} INFO - 
================================================================================
DAG File Processing Stats

File Path                         PID    Runtime      # DAGs    # Errors  Last Runtime    Last Run
--------------------------------  -----  ---------  --------  ----------  --------------  -------------------
/opt/airflow/dags/dag_climate.py                           1           0  0.33s           2024-03-21T01:18:31
================================================================================
[2024-03-21T01:19:04.011+0000] {manager.py:887} INFO - 
================================================================================
DAG File Processing Stats

File Path                         PID    Runtime      # DAGs    # Errors  Last Runtime    Last Run
--------------------------------  -----  ---------  --------  ----------  --------------  -------------------
/opt/airflow/dags/dag_climate.py                           1           0  0.34s           2024-03-21T01:18:58
================================================================================
[2024-03-21T01:19:34.319+0000] {manager.py:887} INFO - 
================================================================================
DAG File Processing Stats

File Path                         PID    Runtime      # DAGs    # Errors  Last Runtime    Last Run
--------------------------------  -----  ---------  --------  ----------  --------------  -------------------
/opt/airflow/dags/dag_climate.py                           1           0  0.33s           2024-03-21T01:19:29
================================================================================
[2024-03-21T01:19:53.483+0000] {manager.py:755} INFO - Searching for files in /opt/airflow/dags
[2024-03-21T01:19:53.491+0000] {manager.py:758} INFO - There are 1 files in /opt/airflow/dags
[2024-03-21T01:20:04.613+0000] {manager.py:887} INFO - 
================================================================================
DAG File Processing Stats

File Path                         PID    Runtime      # DAGs    # Errors  Last Runtime    Last Run
--------------------------------  -----  ---------  --------  ----------  --------------  -------------------
/opt/airflow/dags/dag_climate.py                           1           0  0.32s           2024-03-21T01:20:00
================================================================================
[2024-03-21T01:20:34.824+0000] {manager.py:887} INFO - 
================================================================================
DAG File Processing Stats

File Path                         PID    Runtime      # DAGs    # Errors  Last Runtime    Last Run
--------------------------------  -----  ---------  --------  ----------  --------------  -------------------
/opt/airflow/dags/dag_climate.py                           1           0  0.31s           2024-03-21T01:20:32
================================================================================
[2024-03-21T01:21:05.073+0000] {manager.py:887} INFO - 
================================================================================
DAG File Processing Stats

File Path                         PID    Runtime      # DAGs    # Errors  Last Runtime    Last Run
--------------------------------  -----  ---------  --------  ----------  --------------  -------------------
/opt/airflow/dags/dag_climate.py                           1           0  0.33s           2024-03-21T01:21:03
================================================================================
[2024-03-21T01:21:35.252+0000] {manager.py:887} INFO - 
================================================================================
DAG File Processing Stats

File Path                         PID    Runtime      # DAGs    # Errors  Last Runtime    Last Run
--------------------------------  -----  ---------  --------  ----------  --------------  -------------------
/opt/airflow/dags/dag_climate.py                           1           0  0.31s           2024-03-21T01:21:34
================================================================================
[2024-03-21T01:22:05.448+0000] {manager.py:887} INFO - 
================================================================================
DAG File Processing Stats

File Path                           PID  Runtime      # DAGs    # Errors  Last Runtime    Last Run
--------------------------------  -----  ---------  --------  ----------  --------------  -------------------
/opt/airflow/dags/dag_climate.py   1345  0.01s             1           0  0.33s           2024-03-21T01:21:55
================================================================================
[2024-03-21T01:22:35.602+0000] {manager.py:887} INFO - 
================================================================================
DAG File Processing Stats

File Path                         PID    Runtime      # DAGs    # Errors  Last Runtime    Last Run
--------------------------------  -----  ---------  --------  ----------  --------------  -------------------
/opt/airflow/dags/dag_climate.py                           1           0  0.31s           2024-03-21T01:22:26
================================================================================
[2024-03-21T01:23:05.790+0000] {manager.py:887} INFO - 
================================================================================
DAG File Processing Stats

File Path                         PID    Runtime      # DAGs    # Errors  Last Runtime    Last Run
--------------------------------  -----  ---------  --------  ----------  --------------  -------------------
/opt/airflow/dags/dag_climate.py                           1           0  0.32s           2024-03-21T01:22:57
================================================================================
[2024-03-21T01:23:36.028+0000] {manager.py:887} INFO - 
================================================================================
DAG File Processing Stats

File Path                         PID    Runtime      # DAGs    # Errors  Last Runtime    Last Run
--------------------------------  -----  ---------  --------  ----------  --------------  -------------------
/opt/airflow/dags/dag_climate.py                           1           0  0.35s           2024-03-21T01:23:28
================================================================================
[2024-03-21T01:24:06.254+0000] {manager.py:887} INFO - 
================================================================================
DAG File Processing Stats

File Path                         PID    Runtime      # DAGs    # Errors  Last Runtime    Last Run
--------------------------------  -----  ---------  --------  ----------  --------------  -------------------
/opt/airflow/dags/dag_climate.py                           1           0  0.31s           2024-03-21T01:24:00
================================================================================
[2024-03-21T01:24:36.397+0000] {manager.py:887} INFO - 
================================================================================
DAG File Processing Stats

File Path                         PID    Runtime      # DAGs    # Errors  Last Runtime    Last Run
--------------------------------  -----  ---------  --------  ----------  --------------  -------------------
/opt/airflow/dags/dag_climate.py                           1           0  0.30s           2024-03-21T01:24:31
================================================================================
[2024-03-21T01:24:53.825+0000] {manager.py:755} INFO - Searching for files in /opt/airflow/dags
[2024-03-21T01:24:53.831+0000] {manager.py:758} INFO - There are 1 files in /opt/airflow/dags
[2024-03-21T01:25:06.572+0000] {manager.py:887} INFO - 
================================================================================
DAG File Processing Stats

File Path                         PID    Runtime      # DAGs    # Errors  Last Runtime    Last Run
--------------------------------  -----  ---------  --------  ----------  --------------  -------------------
/opt/airflow/dags/dag_climate.py                           1           0  0.33s           2024-03-21T01:25:02
================================================================================
[2024-03-21T01:25:36.731+0000] {manager.py:887} INFO - 
================================================================================
DAG File Processing Stats

File Path                         PID    Runtime      # DAGs    # Errors  Last Runtime    Last Run
--------------------------------  -----  ---------  --------  ----------  --------------  -------------------
/opt/airflow/dags/dag_climate.py                           1           0  0.30s           2024-03-21T01:25:33
================================================================================
[2024-03-21T01:26:06.966+0000] {manager.py:887} INFO - 
================================================================================
DAG File Processing Stats

File Path                         PID    Runtime      # DAGs    # Errors  Last Runtime    Last Run
--------------------------------  -----  ---------  --------  ----------  --------------  -------------------
/opt/airflow/dags/dag_climate.py                           1           0  0.33s           2024-03-21T01:26:04
================================================================================
[2024-03-21T01:26:37.146+0000] {manager.py:887} INFO - 
================================================================================
DAG File Processing Stats

File Path                         PID    Runtime      # DAGs    # Errors  Last Runtime    Last Run
--------------------------------  -----  ---------  --------  ----------  --------------  -------------------
/opt/airflow/dags/dag_climate.py                           1           0  0.32s           2024-03-21T01:26:36
================================================================================
